irun: 10.20-s100: (c) Copyright 1995-2011 Cadence Design Systems, Inc.
TOOL:	irun	10.20-s100: Started on Mar 08, 2023 at 01:10:24 BDT
irun
	-f filelist.f
		..//RTL/*.v
		..//TB/*.sv
	-gui
	-access +rwc
	-s
ncsim> 
ncsim> 
-------------------------------------
Relinquished control to SimVision...
# Restoring simulation environment...
ncsim> input -quiet .reinvoke.sim
ncsim> file delete .reinvoke.sim
ncsim> probe -create -shm tb_apb_ssi_top.dut_apb_ssi_top.dut_cr1.q
Created probe 4
ncsim> run
Simulation complete via $finish(1) at time 115 NS + 0
../TB/tb_apb_ssi_top.sv:125 #80 $finish;
ncsim> ^C
ncsim> exit
TOOL:	irun	10.20-s100: Exiting on Mar 08, 2023 at 01:18:18 BDT  (total: 00:07:54)
